0 verbose cli C:\Program Files\nodejs\node.exe C:\Users\Faiq\AppData\Roaming\npm\node_modules\npm\bin\npm-cli.js
1 info using npm@11.2.0
2 info using node@v22.14.0
3 silly config load:file:C:\Users\Faiq\AppData\Roaming\npm\node_modules\npm\npmrc
4 silly config load:file:E:\myapp\.npmrc
5 silly config load:file:C:\Users\Faiq\.npmrc
6 silly config load:file:C:\Users\Faiq\AppData\Roaming\npm\etc\npmrc
7 verbose title npm list jest
8 verbose argv "list" "jest"
9 verbose logfile logs-max:10 dir:E:\myapp\npm-cache\_logs\2025-04-14T07_55_51_890Z-
10 verbose logfile E:\myapp\npm-cache\_logs\2025-04-14T07_55_51_890Z-debug-0.log
11 silly logfile start cleaning logs, removing 1 files
12 silly packumentCache heap:2197815296 maxSize:549453824 maxEntrySize:274726912
13 silly logfile done cleaning log files
14 verbose cwd E:\myapp
15 verbose os Windows_NT 10.0.19045
16 verbose node v22.14.0
17 verbose npm  v11.2.0
18 verbose exit 0
19 info ok
